This file contains any messages produced by compilers while
running configure, to aid debugging if configure makes a mistake.

It was created by ngircd configure 0.8.1, which was
generated by GNU Autoconf 2.67.  Invocation command line was

  $ ./configure 

## --------- ##
## Platform. ##
## --------- ##

hostname = stonesoup-4
uname -m = i686
uname -r = 2.6.35-30-generic
uname -s = Linux
uname -v = #61-Ubuntu SMP Tue Oct 11 15:29:15 UTC 2011

/usr/bin/uname -p = unknown
/bin/uname -X     = unknown

/bin/arch              = unknown
/usr/bin/arch -k       = unknown
/usr/convex/getsysinfo = unknown
/usr/bin/hostinfo      = unknown
/bin/machine           = unknown
/usr/bin/oslevel       = unknown
/bin/universe          = unknown

PATH: /usr/local/sbin
PATH: /usr/local/bin
PATH: /usr/sbin
PATH: /usr/bin
PATH: /sbin
PATH: /bin
PATH: /usr/games


## ----------- ##
## Core tests. ##
## ----------- ##

configure:2231: checking build system type
configure:2245: result: i686-pc-linux-gnu
configure:2265: checking host system type
configure:2278: result: i686-pc-linux-gnu
configure:2298: checking target system type
configure:2311: result: i686-pc-linux-gnu
configure:2352: checking for a BSD-compatible install
configure:2420: result: /usr/bin/install -c
configure:2431: checking whether build environment is sane
configure:2468: result: yes
configure:2530: checking for gawk
configure:2560: result: no
configure:2530: checking for mawk
configure:2546: found /usr/bin/mawk
configure:2557: result: mawk
configure:2568: checking whether make sets $(MAKE)
configure:2590: result: yes
configure:2838: checking for gcc
configure:2854: found /usr/bin/gcc
configure:2865: result: gcc
configure:3094: checking for C compiler version
configure:3103: gcc --version >&5
gcc (Ubuntu/Linaro 4.4.4-14ubuntu5) 4.4.5
Copyright (C) 2010 Free Software Foundation, Inc.
This is free software; see the source for copying conditions.  There is NO
warranty; not even for MERCHANTABILITY or FITNESS FOR A PARTICULAR PURPOSE.

configure:3114: $? = 0
configure:3103: gcc -v >&5
Using built-in specs.
Target: i686-linux-gnu
Configured with: ../src/configure -v --with-pkgversion='Ubuntu/Linaro 4.4.4-14ubuntu5' --with-bugurl=file:///usr/share/doc/gcc-4.4/README.Bugs --enable-languages=c,c++,fortran,objc,obj-c++ --prefix=/usr --program-suffix=-4.4 --enable-shared --enable-multiarch --enable-linker-build-id --with-system-zlib --libexecdir=/usr/lib --without-included-gettext --enable-threads=posix --with-gxx-include-dir=/usr/include/c++/4.4 --libdir=/usr/lib --enable-nls --with-sysroot=/ --enable-clocale=gnu --enable-libstdcxx-debug --enable-objc-gc --enable-targets=all --disable-werror --with-arch-32=i686 --with-tune=generic --enable-checking=release --build=i686-linux-gnu --host=i686-linux-gnu --target=i686-linux-gnu
Thread model: posix
gcc version 4.4.5 (Ubuntu/Linaro 4.4.4-14ubuntu5) 
configure:3114: $? = 0
configure:3103: gcc -V >&5
gcc: '-V' option must have argument
configure:3114: $? = 1
configure:3103: gcc -qversion >&5
gcc: unrecognized option '-qversion'
gcc: no input files
configure:3114: $? = 1
configure:3134: checking whether the C compiler works
configure:3156: gcc    conftest.c  >&5
configure:3160: $? = 0
configure:3208: result: yes
configure:3211: checking for C compiler default output file name
configure:3213: result: a.out
configure:3219: checking for suffix of executables
configure:3226: gcc -o conftest    conftest.c  >&5
configure:3230: $? = 0
configure:3252: result: 
configure:3274: checking whether we are cross compiling
configure:3282: gcc -o conftest    conftest.c  >&5
configure:3286: $? = 0
configure:3293: ./conftest
configure:3297: $? = 0
configure:3312: result: no
configure:3317: checking for suffix of object files
configure:3339: gcc -c   conftest.c >&5
configure:3343: $? = 0
configure:3364: result: o
configure:3368: checking whether we are using the GNU C compiler
configure:3387: gcc -c   conftest.c >&5
configure:3387: $? = 0
configure:3396: result: yes
configure:3405: checking whether gcc accepts -g
configure:3425: gcc -c -g  conftest.c >&5
configure:3425: $? = 0
configure:3466: result: yes
configure:3483: checking for gcc option to accept ISO C89
configure:3547: gcc  -c -g -O2  conftest.c >&5
configure:3547: $? = 0
configure:3560: result: none needed
configure:3591: checking for style of include used by make
configure:3619: result: GNU
configure:3647: checking dependency style of gcc
configure:3737: result: gcc3
configure:3761: checking for gawk
configure:3788: result: mawk
configure:3800: checking whether ln -s works
configure:3804: result: yes
configure:3811: checking whether make sets $(MAKE)
configure:3833: result: yes
configure:3885: checking for ranlib
configure:3901: found /usr/bin/ranlib
configure:3912: result: ranlib
configure:3937: checking for function prototypes
configure:3940: result: yes
configure:3959: checking how to run the C preprocessor
configure:3990: gcc -E  conftest.c
configure:3990: $? = 0
configure:4004: gcc -E  conftest.c
conftest.c:13: fatal error: ac_nonexistent.h: No such file or directory
compilation terminated.
configure:4004: $? = 1
configure: failed program was:
| /* confdefs.h */
| #define PACKAGE_NAME "ngircd"
| #define PACKAGE_TARNAME "ngircd"
| #define PACKAGE_VERSION "0.8.1"
| #define PACKAGE_STRING "ngircd 0.8.1"
| #define PACKAGE_BUGREPORT ""
| #define PACKAGE_URL ""
| #define PACKAGE "ngircd"
| #define VERSION "0.8.1"
| #define PROTOTYPES 1
| #define __PROTOTYPES 1
| /* end confdefs.h.  */
| #include <ac_nonexistent.h>
configure:4029: result: gcc -E
configure:4049: gcc -E  conftest.c
configure:4049: $? = 0
configure:4063: gcc -E  conftest.c
conftest.c:13: fatal error: ac_nonexistent.h: No such file or directory
compilation terminated.
configure:4063: $? = 1
configure: failed program was:
| /* confdefs.h */
| #define PACKAGE_NAME "ngircd"
| #define PACKAGE_TARNAME "ngircd"
| #define PACKAGE_VERSION "0.8.1"
| #define PACKAGE_STRING "ngircd 0.8.1"
| #define PACKAGE_BUGREPORT ""
| #define PACKAGE_URL ""
| #define PACKAGE "ngircd"
| #define VERSION "0.8.1"
| #define PROTOTYPES 1
| #define __PROTOTYPES 1
| /* end confdefs.h.  */
| #include <ac_nonexistent.h>
configure:4092: checking for grep that handles long lines and -e
configure:4150: result: /bin/grep
configure:4155: checking for egrep
configure:4217: result: /bin/grep -E
configure:4222: checking for ANSI C header files
configure:4242: gcc -c -g -O2  conftest.c >&5
configure:4242: $? = 0
configure:4315: gcc -o conftest -g -O2   conftest.c  >&5
configure:4315: $? = 0
configure:4315: ./conftest
configure:4315: $? = 0
configure:4326: result: yes
configure:4339: checking for sys/types.h
configure:4339: gcc -c -g -O2  conftest.c >&5
configure:4339: $? = 0
configure:4339: result: yes
configure:4339: checking for sys/stat.h
configure:4339: gcc -c -g -O2  conftest.c >&5
configure:4339: $? = 0
configure:4339: result: yes
configure:4339: checking for stdlib.h
configure:4339: gcc -c -g -O2  conftest.c >&5
configure:4339: $? = 0
configure:4339: result: yes
configure:4339: checking for string.h
configure:4339: gcc -c -g -O2  conftest.c >&5
configure:4339: $? = 0
configure:4339: result: yes
configure:4339: checking for memory.h
configure:4339: gcc -c -g -O2  conftest.c >&5
configure:4339: $? = 0
configure:4339: result: yes
configure:4339: checking for strings.h
configure:4339: gcc -c -g -O2  conftest.c >&5
configure:4339: $? = 0
configure:4339: result: yes
configure:4339: checking for inttypes.h
configure:4339: gcc -c -g -O2  conftest.c >&5
configure:4339: $? = 0
configure:4339: result: yes
configure:4339: checking for stdint.h
configure:4339: gcc -c -g -O2  conftest.c >&5
configure:4339: $? = 0
configure:4339: result: yes
configure:4339: checking for unistd.h
configure:4339: gcc -c -g -O2  conftest.c >&5
configure:4339: $? = 0
configure:4339: result: yes
configure:4361: checking for string.h
configure:4361: result: yes
configure:4372: checking for an ANSI C-conforming const
configure:4437: gcc -c -g -O2  conftest.c >&5
configure:4437: $? = 0
configure:4444: result: yes
configure:4475: checking for ANSI C header files
configure:4579: result: yes
configure:4587: checking whether time.h and sys/time.h may both be included
configure:4607: gcc -c -g -O2 -pipe -W -Wall -Wpointer-arith -Wstrict-prototypes -DSYSCONFDIR='"$(sysconfdir)"'  conftest.c >&5
conftest.c:31: warning: function declaration isn't a prototype
configure:4607: $? = 0
configure:4614: result: yes
configure:4622: checking for sys/wait.h that is POSIX.1 compatible
configure:4648: gcc -c -g -O2 -pipe -W -Wall -Wpointer-arith -Wstrict-prototypes -DSYSCONFDIR='"$(sysconfdir)"'  conftest.c >&5
conftest.c:37: warning: function declaration isn't a prototype
configure:4648: $? = 0
configure:4655: result: yes
configure:4670: checking ctype.h usability
configure:4670: gcc -c -g -O2 -pipe -W -Wall -Wpointer-arith -Wstrict-prototypes -DSYSCONFDIR='"$(sysconfdir)"'  conftest.c >&5
configure:4670: $? = 0
configure:4670: result: yes
configure:4670: checking ctype.h presence
configure:4670: gcc -E  conftest.c
configure:4670: $? = 0
configure:4670: result: yes
configure:4670: checking for ctype.h
configure:4670: result: yes
configure:4670: checking errno.h usability
configure:4670: gcc -c -g -O2 -pipe -W -Wall -Wpointer-arith -Wstrict-prototypes -DSYSCONFDIR='"$(sysconfdir)"'  conftest.c >&5
configure:4670: $? = 0
configure:4670: result: yes
configure:4670: checking errno.h presence
configure:4670: gcc -E  conftest.c
configure:4670: $? = 0
configure:4670: result: yes
configure:4670: checking for errno.h
configure:4670: result: yes
configure:4670: checking fcntl.h usability
configure:4670: gcc -c -g -O2 -pipe -W -Wall -Wpointer-arith -Wstrict-prototypes -DSYSCONFDIR='"$(sysconfdir)"'  conftest.c >&5
configure:4670: $? = 0
configure:4670: result: yes
configure:4670: checking fcntl.h presence
configure:4670: gcc -E  conftest.c
configure:4670: $? = 0
configure:4670: result: yes
configure:4670: checking for fcntl.h
configure:4670: result: yes
configure:4670: checking netdb.h usability
configure:4670: gcc -c -g -O2 -pipe -W -Wall -Wpointer-arith -Wstrict-prototypes -DSYSCONFDIR='"$(sysconfdir)"'  conftest.c >&5
configure:4670: $? = 0
configure:4670: result: yes
configure:4670: checking netdb.h presence
configure:4670: gcc -E  conftest.c
configure:4670: $? = 0
configure:4670: result: yes
configure:4670: checking for netdb.h
configure:4670: result: yes
configure:4670: checking netinet/in.h usability
configure:4670: gcc -c -g -O2 -pipe -W -Wall -Wpointer-arith -Wstrict-prototypes -DSYSCONFDIR='"$(sysconfdir)"'  conftest.c >&5
configure:4670: $? = 0
configure:4670: result: yes
configure:4670: checking netinet/in.h presence
configure:4670: gcc -E  conftest.c
configure:4670: $? = 0
configure:4670: result: yes
configure:4670: checking for netinet/in.h
configure:4670: result: yes
configure:4670: checking for stdlib.h
configure:4670: result: yes
configure:4670: checking for string.h
configure:4670: result: yes
configure:4670: checking for strings.h
configure:4670: result: yes
configure:4670: checking sys/socket.h usability
configure:4670: gcc -c -g -O2 -pipe -W -Wall -Wpointer-arith -Wstrict-prototypes -DSYSCONFDIR='"$(sysconfdir)"'  conftest.c >&5
configure:4670: $? = 0
configure:4670: result: yes
configure:4670: checking sys/socket.h presence
configure:4670: gcc -E  conftest.c
configure:4670: $? = 0
configure:4670: result: yes
configure:4670: checking for sys/socket.h
configure:4670: result: yes
configure:4670: checking sys/time.h usability
configure:4670: gcc -c -g -O2 -pipe -W -Wall -Wpointer-arith -Wstrict-prototypes -DSYSCONFDIR='"$(sysconfdir)"'  conftest.c >&5
configure:4670: $? = 0
configure:4670: result: yes
configure:4670: checking sys/time.h presence
configure:4670: gcc -E  conftest.c
configure:4670: $? = 0
configure:4670: result: yes
configure:4670: checking for sys/time.h
configure:4670: result: yes
configure:4670: checking for unistd.h
configure:4670: result: yes
configure:4686: checking arpa/inet.h usability
configure:4686: gcc -c -g -O2 -pipe -W -Wall -Wpointer-arith -Wstrict-prototypes -DSYSCONFDIR='"$(sysconfdir)"'  conftest.c >&5
configure:4686: $? = 0
configure:4686: result: yes
configure:4686: checking arpa/inet.h presence
configure:4686: gcc -E  conftest.c
configure:4686: $? = 0
configure:4686: result: yes
configure:4686: checking for arpa/inet.h
configure:4686: result: yes
configure:4686: checking for ctype.h
configure:4686: result: yes
configure:4686: checking malloc.h usability
configure:4686: gcc -c -g -O2 -pipe -W -Wall -Wpointer-arith -Wstrict-prototypes -DSYSCONFDIR='"$(sysconfdir)"'  conftest.c >&5
configure:4686: $? = 0
configure:4686: result: yes
configure:4686: checking malloc.h presence
configure:4686: gcc -E  conftest.c
configure:4686: $? = 0
configure:4686: result: yes
configure:4686: checking for malloc.h
configure:4686: result: yes
configure:4686: checking for stdint.h
configure:4686: result: yes
configure:4686: checking varargs.h usability
configure:4686: gcc -c -g -O2 -pipe -W -Wall -Wpointer-arith -Wstrict-prototypes -DSYSCONFDIR='"$(sysconfdir)"'  conftest.c >&5
In file included from conftest.c:75:
/usr/lib/gcc/i686-linux-gnu/4.4.5/include/varargs.h:4: error: #error "GCC no longer implements <varargs.h>."
/usr/lib/gcc/i686-linux-gnu/4.4.5/include/varargs.h:5: error: #error "Revise your code to use <stdarg.h>."
configure:4686: $? = 1
configure: failed program was:
| /* confdefs.h */
| #define PACKAGE_NAME "ngircd"
| #define PACKAGE_TARNAME "ngircd"
| #define PACKAGE_VERSION "0.8.1"
| #define PACKAGE_STRING "ngircd 0.8.1"
| #define PACKAGE_BUGREPORT ""
| #define PACKAGE_URL ""
| #define PACKAGE "ngircd"
| #define VERSION "0.8.1"
| #define PROTOTYPES 1
| #define __PROTOTYPES 1
| #define STDC_HEADERS 1
| #define HAVE_SYS_TYPES_H 1
| #define HAVE_SYS_STAT_H 1
| #define HAVE_STDLIB_H 1
| #define HAVE_STRING_H 1
| #define HAVE_MEMORY_H 1
| #define HAVE_STRINGS_H 1
| #define HAVE_INTTYPES_H 1
| #define HAVE_STDINT_H 1
| #define HAVE_UNISTD_H 1
| #define HAVE_STRING_H 1
| #define STDC_HEADERS 1
| #define TIME_WITH_SYS_TIME 1
| #define HAVE_SYS_WAIT_H 1
| #define HAVE_CTYPE_H 1
| #define HAVE_ERRNO_H 1
| #define HAVE_FCNTL_H 1
| #define HAVE_NETDB_H 1
| #define HAVE_NETINET_IN_H 1
| #define HAVE_STDLIB_H 1
| #define HAVE_STRING_H 1
| #define HAVE_STRINGS_H 1
| #define HAVE_SYS_SOCKET_H 1
| #define HAVE_SYS_TIME_H 1
| #define HAVE_UNISTD_H 1
| #define HAVE_ARPA_INET_H 1
| #define HAVE_CTYPE_H 1
| #define HAVE_MALLOC_H 1
| #define HAVE_STDINT_H 1
| /* end confdefs.h.  */
| #include <stdio.h>
| #ifdef HAVE_SYS_TYPES_H
| # include <sys/types.h>
| #endif
| #ifdef HAVE_SYS_STAT_H
| # include <sys/stat.h>
| #endif
| #ifdef STDC_HEADERS
| # include <stdlib.h>
| # include <stddef.h>
| #else
| # ifdef HAVE_STDLIB_H
| #  include <stdlib.h>
| # endif
| #endif
| #ifdef HAVE_STRING_H
| # if !defined STDC_HEADERS && defined HAVE_MEMORY_H
| #  include <memory.h>
| # endif
| # include <string.h>
| #endif
| #ifdef HAVE_STRINGS_H
| # include <strings.h>
| #endif
| #ifdef HAVE_INTTYPES_H
| # include <inttypes.h>
| #endif
| #ifdef HAVE_STDINT_H
| # include <stdint.h>
| #endif
| #ifdef HAVE_UNISTD_H
| # include <unistd.h>
| #endif
| #include <varargs.h>
configure:4686: result: no
configure:4686: checking varargs.h presence
configure:4686: gcc -E  conftest.c
In file included from conftest.c:42:
/usr/lib/gcc/i686-linux-gnu/4.4.5/include/varargs.h:4: error: #error "GCC no longer implements <varargs.h>."
/usr/lib/gcc/i686-linux-gnu/4.4.5/include/varargs.h:5: error: #error "Revise your code to use <stdarg.h>."
configure:4686: $? = 1
configure: failed program was:
| /* confdefs.h */
| #define PACKAGE_NAME "ngircd"
| #define PACKAGE_TARNAME "ngircd"
| #define PACKAGE_VERSION "0.8.1"
| #define PACKAGE_STRING "ngircd 0.8.1"
| #define PACKAGE_BUGREPORT ""
| #define PACKAGE_URL ""
| #define PACKAGE "ngircd"
| #define VERSION "0.8.1"
| #define PROTOTYPES 1
| #define __PROTOTYPES 1
| #define STDC_HEADERS 1
| #define HAVE_SYS_TYPES_H 1
| #define HAVE_SYS_STAT_H 1
| #define HAVE_STDLIB_H 1
| #define HAVE_STRING_H 1
| #define HAVE_MEMORY_H 1
| #define HAVE_STRINGS_H 1
| #define HAVE_INTTYPES_H 1
| #define HAVE_STDINT_H 1
| #define HAVE_UNISTD_H 1
| #define HAVE_STRING_H 1
| #define STDC_HEADERS 1
| #define TIME_WITH_SYS_TIME 1
| #define HAVE_SYS_WAIT_H 1
| #define HAVE_CTYPE_H 1
| #define HAVE_ERRNO_H 1
| #define HAVE_FCNTL_H 1
| #define HAVE_NETDB_H 1
| #define HAVE_NETINET_IN_H 1
| #define HAVE_STDLIB_H 1
| #define HAVE_STRING_H 1
| #define HAVE_STRINGS_H 1
| #define HAVE_SYS_SOCKET_H 1
| #define HAVE_SYS_TIME_H 1
| #define HAVE_UNISTD_H 1
| #define HAVE_ARPA_INET_H 1
| #define HAVE_CTYPE_H 1
| #define HAVE_MALLOC_H 1
| #define HAVE_STDINT_H 1
| /* end confdefs.h.  */
| #include <varargs.h>
configure:4686: result: no
configure:4686: checking for varargs.h
configure:4686: result: no
configure:4699: checking whether socklen_t exists
configure:4718: gcc -c -g -O2 -pipe -W -Wall -Wpointer-arith -Wstrict-prototypes -DSYSCONFDIR='"$(sysconfdir)"'  conftest.c >&5
conftest.c:48: warning: function declaration isn't a prototype
configure:4718: $? = 0
configure:4721: result: yes
configure:4732: checking return type of signal handlers
configure:4750: gcc -c -g -O2 -pipe -W -Wall -Wpointer-arith -Wstrict-prototypes -DSYSCONFDIR='"$(sysconfdir)"'  conftest.c >&5
conftest.c:48: warning: function declaration isn't a prototype
conftest.c: In function 'main':
conftest.c:49: error: void value not ignored as it ought to be
configure:4750: $? = 1
configure: failed program was:
| /* confdefs.h */
| #define PACKAGE_NAME "ngircd"
| #define PACKAGE_TARNAME "ngircd"
| #define PACKAGE_VERSION "0.8.1"
| #define PACKAGE_STRING "ngircd 0.8.1"
| #define PACKAGE_BUGREPORT ""
| #define PACKAGE_URL ""
| #define PACKAGE "ngircd"
| #define VERSION "0.8.1"
| #define PROTOTYPES 1
| #define __PROTOTYPES 1
| #define STDC_HEADERS 1
| #define HAVE_SYS_TYPES_H 1
| #define HAVE_SYS_STAT_H 1
| #define HAVE_STDLIB_H 1
| #define HAVE_STRING_H 1
| #define HAVE_MEMORY_H 1
| #define HAVE_STRINGS_H 1
| #define HAVE_INTTYPES_H 1
| #define HAVE_STDINT_H 1
| #define HAVE_UNISTD_H 1
| #define HAVE_STRING_H 1
| #define STDC_HEADERS 1
| #define TIME_WITH_SYS_TIME 1
| #define HAVE_SYS_WAIT_H 1
| #define HAVE_CTYPE_H 1
| #define HAVE_ERRNO_H 1
| #define HAVE_FCNTL_H 1
| #define HAVE_NETDB_H 1
| #define HAVE_NETINET_IN_H 1
| #define HAVE_STDLIB_H 1
| #define HAVE_STRING_H 1
| #define HAVE_STRINGS_H 1
| #define HAVE_SYS_SOCKET_H 1
| #define HAVE_SYS_TIME_H 1
| #define HAVE_UNISTD_H 1
| #define HAVE_ARPA_INET_H 1
| #define HAVE_CTYPE_H 1
| #define HAVE_MALLOC_H 1
| #define HAVE_STDINT_H 1
| #define HAVE_socklen_t 1
| /* end confdefs.h.  */
| #include <sys/types.h>
| #include <signal.h>
| 
| int
| main ()
| {
| return *(signal (0, 0)) (0) == 1;
|   ;
|   return 0;
| }
configure:4757: result: void
configure:4765: checking for size_t
configure:4765: gcc -c -g -O2 -pipe -W -Wall -Wpointer-arith -Wstrict-prototypes -DSYSCONFDIR='"$(sysconfdir)"'  conftest.c >&5
conftest.c:79: warning: function declaration isn't a prototype
configure:4765: $? = 0
configure:4765: gcc -c -g -O2 -pipe -W -Wall -Wpointer-arith -Wstrict-prototypes -DSYSCONFDIR='"$(sysconfdir)"'  conftest.c >&5
conftest.c:79: warning: function declaration isn't a prototype
conftest.c: In function 'main':
conftest.c:80: error: expected expression before ')' token
configure:4765: $? = 1
configure: failed program was:
| /* confdefs.h */
| #define PACKAGE_NAME "ngircd"
| #define PACKAGE_TARNAME "ngircd"
| #define PACKAGE_VERSION "0.8.1"
| #define PACKAGE_STRING "ngircd 0.8.1"
| #define PACKAGE_BUGREPORT ""
| #define PACKAGE_URL ""
| #define PACKAGE "ngircd"
| #define VERSION "0.8.1"
| #define PROTOTYPES 1
| #define __PROTOTYPES 1
| #define STDC_HEADERS 1
| #define HAVE_SYS_TYPES_H 1
| #define HAVE_SYS_STAT_H 1
| #define HAVE_STDLIB_H 1
| #define HAVE_STRING_H 1
| #define HAVE_MEMORY_H 1
| #define HAVE_STRINGS_H 1
| #define HAVE_INTTYPES_H 1
| #define HAVE_STDINT_H 1
| #define HAVE_UNISTD_H 1
| #define HAVE_STRING_H 1
| #define STDC_HEADERS 1
| #define TIME_WITH_SYS_TIME 1
| #define HAVE_SYS_WAIT_H 1
| #define HAVE_CTYPE_H 1
| #define HAVE_ERRNO_H 1
| #define HAVE_FCNTL_H 1
| #define HAVE_NETDB_H 1
| #define HAVE_NETINET_IN_H 1
| #define HAVE_STDLIB_H 1
| #define HAVE_STRING_H 1
| #define HAVE_STRINGS_H 1
| #define HAVE_SYS_SOCKET_H 1
| #define HAVE_SYS_TIME_H 1
| #define HAVE_UNISTD_H 1
| #define HAVE_ARPA_INET_H 1
| #define HAVE_CTYPE_H 1
| #define HAVE_MALLOC_H 1
| #define HAVE_STDINT_H 1
| #define HAVE_socklen_t 1
| #define RETSIGTYPE void
| /* end confdefs.h.  */
| #include <stdio.h>
| #ifdef HAVE_SYS_TYPES_H
| # include <sys/types.h>
| #endif
| #ifdef HAVE_SYS_STAT_H
| # include <sys/stat.h>
| #endif
| #ifdef STDC_HEADERS
| # include <stdlib.h>
| # include <stddef.h>
| #else
| # ifdef HAVE_STDLIB_H
| #  include <stdlib.h>
| # endif
| #endif
| #ifdef HAVE_STRING_H
| # if !defined STDC_HEADERS && defined HAVE_MEMORY_H
| #  include <memory.h>
| # endif
| # include <string.h>
| #endif
| #ifdef HAVE_STRINGS_H
| # include <strings.h>
| #endif
| #ifdef HAVE_INTTYPES_H
| # include <inttypes.h>
| #endif
| #ifdef HAVE_STDINT_H
| # include <stdint.h>
| #endif
| #ifdef HAVE_UNISTD_H
| # include <unistd.h>
| #endif
| int
| main ()
| {
| if (sizeof ((size_t)))
| 	    return 0;
|   ;
|   return 0;
| }
configure:4765: result: yes
configure:4779: checking for memmove in -lUTIL
configure:4804: gcc -o conftest -g -O2 -pipe -W -Wall -Wpointer-arith -Wstrict-prototypes -DSYSCONFDIR='"$(sysconfdir)"'   conftest.c -lUTIL   >&5
conftest.c:51: warning: function declaration isn't a prototype
conftest.c:51: warning: conflicting types for built-in function 'memmove'
conftest.c:54: warning: function declaration isn't a prototype
/usr/bin/ld: cannot find -lUTIL
collect2: ld returned 1 exit status
configure:4804: $? = 1
configure: failed program was:
| /* confdefs.h */
| #define PACKAGE_NAME "ngircd"
| #define PACKAGE_TARNAME "ngircd"
| #define PACKAGE_VERSION "0.8.1"
| #define PACKAGE_STRING "ngircd 0.8.1"
| #define PACKAGE_BUGREPORT ""
| #define PACKAGE_URL ""
| #define PACKAGE "ngircd"
| #define VERSION "0.8.1"
| #define PROTOTYPES 1
| #define __PROTOTYPES 1
| #define STDC_HEADERS 1
| #define HAVE_SYS_TYPES_H 1
| #define HAVE_SYS_STAT_H 1
| #define HAVE_STDLIB_H 1
| #define HAVE_STRING_H 1
| #define HAVE_MEMORY_H 1
| #define HAVE_STRINGS_H 1
| #define HAVE_INTTYPES_H 1
| #define HAVE_STDINT_H 1
| #define HAVE_UNISTD_H 1
| #define HAVE_STRING_H 1
| #define STDC_HEADERS 1
| #define TIME_WITH_SYS_TIME 1
| #define HAVE_SYS_WAIT_H 1
| #define HAVE_CTYPE_H 1
| #define HAVE_ERRNO_H 1
| #define HAVE_FCNTL_H 1
| #define HAVE_NETDB_H 1
| #define HAVE_NETINET_IN_H 1
| #define HAVE_STDLIB_H 1
| #define HAVE_STRING_H 1
| #define HAVE_STRINGS_H 1
| #define HAVE_SYS_SOCKET_H 1
| #define HAVE_SYS_TIME_H 1
| #define HAVE_UNISTD_H 1
| #define HAVE_ARPA_INET_H 1
| #define HAVE_CTYPE_H 1
| #define HAVE_MALLOC_H 1
| #define HAVE_STDINT_H 1
| #define HAVE_socklen_t 1
| #define RETSIGTYPE void
| /* end confdefs.h.  */
| 
| /* Override any GCC internal prototype to avoid an error.
|    Use char because int might match the return type of a GCC
|    builtin and then its argument prototype would still apply.  */
| #ifdef __cplusplus
| extern "C"
| #endif
| char memmove ();
| int
| main ()
| {
| return memmove ();
|   ;
|   return 0;
| }
configure:4813: result: no
configure:4824: checking for bind in -lsocket
configure:4849: gcc -o conftest -g -O2 -pipe -W -Wall -Wpointer-arith -Wstrict-prototypes -DSYSCONFDIR='"$(sysconfdir)"'   conftest.c -lsocket   >&5
conftest.c:51: warning: function declaration isn't a prototype
conftest.c:54: warning: function declaration isn't a prototype
/usr/bin/ld: cannot find -lsocket
collect2: ld returned 1 exit status
configure:4849: $? = 1
configure: failed program was:
| /* confdefs.h */
| #define PACKAGE_NAME "ngircd"
| #define PACKAGE_TARNAME "ngircd"
| #define PACKAGE_VERSION "0.8.1"
| #define PACKAGE_STRING "ngircd 0.8.1"
| #define PACKAGE_BUGREPORT ""
| #define PACKAGE_URL ""
| #define PACKAGE "ngircd"
| #define VERSION "0.8.1"
| #define PROTOTYPES 1
| #define __PROTOTYPES 1
| #define STDC_HEADERS 1
| #define HAVE_SYS_TYPES_H 1
| #define HAVE_SYS_STAT_H 1
| #define HAVE_STDLIB_H 1
| #define HAVE_STRING_H 1
| #define HAVE_MEMORY_H 1
| #define HAVE_STRINGS_H 1
| #define HAVE_INTTYPES_H 1
| #define HAVE_STDINT_H 1
| #define HAVE_UNISTD_H 1
| #define HAVE_STRING_H 1
| #define STDC_HEADERS 1
| #define TIME_WITH_SYS_TIME 1
| #define HAVE_SYS_WAIT_H 1
| #define HAVE_CTYPE_H 1
| #define HAVE_ERRNO_H 1
| #define HAVE_FCNTL_H 1
| #define HAVE_NETDB_H 1
| #define HAVE_NETINET_IN_H 1
| #define HAVE_STDLIB_H 1
| #define HAVE_STRING_H 1
| #define HAVE_STRINGS_H 1
| #define HAVE_SYS_SOCKET_H 1
| #define HAVE_SYS_TIME_H 1
| #define HAVE_UNISTD_H 1
| #define HAVE_ARPA_INET_H 1
| #define HAVE_CTYPE_H 1
| #define HAVE_MALLOC_H 1
| #define HAVE_STDINT_H 1
| #define HAVE_socklen_t 1
| #define RETSIGTYPE void
| /* end confdefs.h.  */
| 
| /* Override any GCC internal prototype to avoid an error.
|    Use char because int might match the return type of a GCC
|    builtin and then its argument prototype would still apply.  */
| #ifdef __cplusplus
| extern "C"
| #endif
| char bind ();
| int
| main ()
| {
| return bind ();
|   ;
|   return 0;
| }
configure:4858: result: no
configure:4869: checking for gethostent in -lnsl
configure:4894: gcc -o conftest -g -O2 -pipe -W -Wall -Wpointer-arith -Wstrict-prototypes -DSYSCONFDIR='"$(sysconfdir)"'   conftest.c -lnsl   >&5
conftest.c:51: warning: function declaration isn't a prototype
conftest.c:54: warning: function declaration isn't a prototype
configure:4894: $? = 0
configure:4903: result: yes
configure:4917: checking for pid_t
configure:4917: gcc -c -g -O2 -pipe -W -Wall -Wpointer-arith -Wstrict-prototypes -DSYSCONFDIR='"$(sysconfdir)"'  conftest.c >&5
conftest.c:80: warning: function declaration isn't a prototype
configure:4917: $? = 0
configure:4917: gcc -c -g -O2 -pipe -W -Wall -Wpointer-arith -Wstrict-prototypes -DSYSCONFDIR='"$(sysconfdir)"'  conftest.c >&5
conftest.c:80: warning: function declaration isn't a prototype
conftest.c: In function 'main':
conftest.c:81: error: expected expression before ')' token
configure:4917: $? = 1
configure: failed program was:
| /* confdefs.h */
| #define PACKAGE_NAME "ngircd"
| #define PACKAGE_TARNAME "ngircd"
| #define PACKAGE_VERSION "0.8.1"
| #define PACKAGE_STRING "ngircd 0.8.1"
| #define PACKAGE_BUGREPORT ""
| #define PACKAGE_URL ""
| #define PACKAGE "ngircd"
| #define VERSION "0.8.1"
| #define PROTOTYPES 1
| #define __PROTOTYPES 1
| #define STDC_HEADERS 1
| #define HAVE_SYS_TYPES_H 1
| #define HAVE_SYS_STAT_H 1
| #define HAVE_STDLIB_H 1
| #define HAVE_STRING_H 1
| #define HAVE_MEMORY_H 1
| #define HAVE_STRINGS_H 1
| #define HAVE_INTTYPES_H 1
| #define HAVE_STDINT_H 1
| #define HAVE_UNISTD_H 1
| #define HAVE_STRING_H 1
| #define STDC_HEADERS 1
| #define TIME_WITH_SYS_TIME 1
| #define HAVE_SYS_WAIT_H 1
| #define HAVE_CTYPE_H 1
| #define HAVE_ERRNO_H 1
| #define HAVE_FCNTL_H 1
| #define HAVE_NETDB_H 1
| #define HAVE_NETINET_IN_H 1
| #define HAVE_STDLIB_H 1
| #define HAVE_STRING_H 1
| #define HAVE_STRINGS_H 1
| #define HAVE_SYS_SOCKET_H 1
| #define HAVE_SYS_TIME_H 1
| #define HAVE_UNISTD_H 1
| #define HAVE_ARPA_INET_H 1
| #define HAVE_CTYPE_H 1
| #define HAVE_MALLOC_H 1
| #define HAVE_STDINT_H 1
| #define HAVE_socklen_t 1
| #define RETSIGTYPE void
| #define HAVE_LIBNSL 1
| /* end confdefs.h.  */
| #include <stdio.h>
| #ifdef HAVE_SYS_TYPES_H
| # include <sys/types.h>
| #endif
| #ifdef HAVE_SYS_STAT_H
| # include <sys/stat.h>
| #endif
| #ifdef STDC_HEADERS
| # include <stdlib.h>
| # include <stddef.h>
| #else
| # ifdef HAVE_STDLIB_H
| #  include <stdlib.h>
| # endif
| #endif
| #ifdef HAVE_STRING_H
| # if !defined STDC_HEADERS && defined HAVE_MEMORY_H
| #  include <memory.h>
| # endif
| # include <string.h>
| #endif
| #ifdef HAVE_STRINGS_H
| # include <strings.h>
| #endif
| #ifdef HAVE_INTTYPES_H
| # include <inttypes.h>
| #endif
| #ifdef HAVE_STDINT_H
| # include <stdint.h>
| #endif
| #ifdef HAVE_UNISTD_H
| # include <unistd.h>
| #endif
| int
| main ()
| {
| if (sizeof ((pid_t)))
| 	    return 0;
|   ;
|   return 0;
| }
configure:4917: result: yes
configure:4930: checking vfork.h usability
configure:4930: gcc -c -g -O2 -pipe -W -Wall -Wpointer-arith -Wstrict-prototypes -DSYSCONFDIR='"$(sysconfdir)"'  conftest.c >&5
conftest.c:78: fatal error: vfork.h: No such file or directory
compilation terminated.
configure:4930: $? = 1
configure: failed program was:
| /* confdefs.h */
| #define PACKAGE_NAME "ngircd"
| #define PACKAGE_TARNAME "ngircd"
| #define PACKAGE_VERSION "0.8.1"
| #define PACKAGE_STRING "ngircd 0.8.1"
| #define PACKAGE_BUGREPORT ""
| #define PACKAGE_URL ""
| #define PACKAGE "ngircd"
| #define VERSION "0.8.1"
| #define PROTOTYPES 1
| #define __PROTOTYPES 1
| #define STDC_HEADERS 1
| #define HAVE_SYS_TYPES_H 1
| #define HAVE_SYS_STAT_H 1
| #define HAVE_STDLIB_H 1
| #define HAVE_STRING_H 1
| #define HAVE_MEMORY_H 1
| #define HAVE_STRINGS_H 1
| #define HAVE_INTTYPES_H 1
| #define HAVE_STDINT_H 1
| #define HAVE_UNISTD_H 1
| #define HAVE_STRING_H 1
| #define STDC_HEADERS 1
| #define TIME_WITH_SYS_TIME 1
| #define HAVE_SYS_WAIT_H 1
| #define HAVE_CTYPE_H 1
| #define HAVE_ERRNO_H 1
| #define HAVE_FCNTL_H 1
| #define HAVE_NETDB_H 1
| #define HAVE_NETINET_IN_H 1
| #define HAVE_STDLIB_H 1
| #define HAVE_STRING_H 1
| #define HAVE_STRINGS_H 1
| #define HAVE_SYS_SOCKET_H 1
| #define HAVE_SYS_TIME_H 1
| #define HAVE_UNISTD_H 1
| #define HAVE_ARPA_INET_H 1
| #define HAVE_CTYPE_H 1
| #define HAVE_MALLOC_H 1
| #define HAVE_STDINT_H 1
| #define HAVE_socklen_t 1
| #define RETSIGTYPE void
| #define HAVE_LIBNSL 1
| /* end confdefs.h.  */
| #include <stdio.h>
| #ifdef HAVE_SYS_TYPES_H
| # include <sys/types.h>
| #endif
| #ifdef HAVE_SYS_STAT_H
| # include <sys/stat.h>
| #endif
| #ifdef STDC_HEADERS
| # include <stdlib.h>
| # include <stddef.h>
| #else
| # ifdef HAVE_STDLIB_H
| #  include <stdlib.h>
| # endif
| #endif
| #ifdef HAVE_STRING_H
| # if !defined STDC_HEADERS && defined HAVE_MEMORY_H
| #  include <memory.h>
| # endif
| # include <string.h>
| #endif
| #ifdef HAVE_STRINGS_H
| # include <strings.h>
| #endif
| #ifdef HAVE_INTTYPES_H
| # include <inttypes.h>
| #endif
| #ifdef HAVE_STDINT_H
| # include <stdint.h>
| #endif
| #ifdef HAVE_UNISTD_H
| # include <unistd.h>
| #endif
| #include <vfork.h>
configure:4930: result: no
configure:4930: checking vfork.h presence
configure:4930: gcc -E  conftest.c
conftest.c:45: fatal error: vfork.h: No such file or directory
compilation terminated.
configure:4930: $? = 1
configure: failed program was:
| /* confdefs.h */
| #define PACKAGE_NAME "ngircd"
| #define PACKAGE_TARNAME "ngircd"
| #define PACKAGE_VERSION "0.8.1"
| #define PACKAGE_STRING "ngircd 0.8.1"
| #define PACKAGE_BUGREPORT ""
| #define PACKAGE_URL ""
| #define PACKAGE "ngircd"
| #define VERSION "0.8.1"
| #define PROTOTYPES 1
| #define __PROTOTYPES 1
| #define STDC_HEADERS 1
| #define HAVE_SYS_TYPES_H 1
| #define HAVE_SYS_STAT_H 1
| #define HAVE_STDLIB_H 1
| #define HAVE_STRING_H 1
| #define HAVE_MEMORY_H 1
| #define HAVE_STRINGS_H 1
| #define HAVE_INTTYPES_H 1
| #define HAVE_STDINT_H 1
| #define HAVE_UNISTD_H 1
| #define HAVE_STRING_H 1
| #define STDC_HEADERS 1
| #define TIME_WITH_SYS_TIME 1
| #define HAVE_SYS_WAIT_H 1
| #define HAVE_CTYPE_H 1
| #define HAVE_ERRNO_H 1
| #define HAVE_FCNTL_H 1
| #define HAVE_NETDB_H 1
| #define HAVE_NETINET_IN_H 1
| #define HAVE_STDLIB_H 1
| #define HAVE_STRING_H 1
| #define HAVE_STRINGS_H 1
| #define HAVE_SYS_SOCKET_H 1
| #define HAVE_SYS_TIME_H 1
| #define HAVE_UNISTD_H 1
| #define HAVE_ARPA_INET_H 1
| #define HAVE_CTYPE_H 1
| #define HAVE_MALLOC_H 1
| #define HAVE_STDINT_H 1
| #define HAVE_socklen_t 1
| #define RETSIGTYPE void
| #define HAVE_LIBNSL 1
| /* end confdefs.h.  */
| #include <vfork.h>
configure:4930: result: no
configure:4930: checking for vfork.h
configure:4930: result: no
configure:4943: checking for fork
configure:4943: gcc -o conftest -g -O2 -pipe -W -Wall -Wpointer-arith -Wstrict-prototypes -DSYSCONFDIR='"$(sysconfdir)"'   conftest.c -lnsl  >&5
conftest.c:68: warning: function declaration isn't a prototype
conftest.c:68: warning: conflicting types for built-in function 'fork'
conftest.c:78: warning: function declaration isn't a prototype
configure:4943: $? = 0
configure:4943: result: yes
configure:4943: checking for vfork
configure:4943: gcc -o conftest -g -O2 -pipe -W -Wall -Wpointer-arith -Wstrict-prototypes -DSYSCONFDIR='"$(sysconfdir)"'   conftest.c -lnsl  >&5
conftest.c:69: warning: function declaration isn't a prototype
conftest.c:79: warning: function declaration isn't a prototype
configure:4943: $? = 0
configure:4943: result: yes
configure:4953: checking for working fork
configure:4975: gcc -o conftest -g -O2 -pipe -W -Wall -Wpointer-arith -Wstrict-prototypes -DSYSCONFDIR='"$(sysconfdir)"'   conftest.c -lnsl  >&5
conftest.c:82: warning: function declaration isn't a prototype
configure:4975: $? = 0
configure:4975: ./conftest
configure:4975: $? = 0
configure:4985: result: yes
configure:5006: checking for working vfork
configure:5116: result: yes
configure:5143: checking for strftime
configure:5143: gcc -o conftest -g -O2 -pipe -W -Wall -Wpointer-arith -Wstrict-prototypes -DSYSCONFDIR='"$(sysconfdir)"'   conftest.c -lnsl  >&5
conftest.c:72: warning: function declaration isn't a prototype
conftest.c:72: warning: conflicting types for built-in function 'strftime'
conftest.c:82: warning: function declaration isn't a prototype
configure:5143: $? = 0
configure:5143: result: yes
configure:5203: checking for bind
configure:5203: gcc -o conftest -g -O2 -pipe -W -Wall -Wpointer-arith -Wstrict-prototypes -DSYSCONFDIR='"$(sysconfdir)"'   conftest.c -lnsl  >&5
conftest.c:73: warning: function declaration isn't a prototype
conftest.c:83: warning: function declaration isn't a prototype
configure:5203: $? = 0
configure:5203: result: yes
configure:5203: checking for gethostbyaddr
configure:5203: gcc -o conftest -g -O2 -pipe -W -Wall -Wpointer-arith -Wstrict-prototypes -DSYSCONFDIR='"$(sysconfdir)"'   conftest.c -lnsl  >&5
conftest.c:74: warning: function declaration isn't a prototype
conftest.c:84: warning: function declaration isn't a prototype
configure:5203: $? = 0
configure:5203: result: yes
configure:5203: checking for gethostbyname
configure:5203: gcc -o conftest -g -O2 -pipe -W -Wall -Wpointer-arith -Wstrict-prototypes -DSYSCONFDIR='"$(sysconfdir)"'   conftest.c -lnsl  >&5
conftest.c:75: warning: function declaration isn't a prototype
conftest.c:85: warning: function declaration isn't a prototype
configure:5203: $? = 0
configure:5203: result: yes
configure:5203: checking for gethostname
configure:5203: gcc -o conftest -g -O2 -pipe -W -Wall -Wpointer-arith -Wstrict-prototypes -DSYSCONFDIR='"$(sysconfdir)"'   conftest.c -lnsl  >&5
conftest.c:76: warning: function declaration isn't a prototype
conftest.c:86: warning: function declaration isn't a prototype
configure:5203: $? = 0
configure:5203: result: yes
configure:5203: checking for inet_ntoa
configure:5203: gcc -o conftest -g -O2 -pipe -W -Wall -Wpointer-arith -Wstrict-prototypes -DSYSCONFDIR='"$(sysconfdir)"'   conftest.c -lnsl  >&5
conftest.c:77: warning: function declaration isn't a prototype
conftest.c:87: warning: function declaration isn't a prototype
configure:5203: $? = 0
configure:5203: result: yes
configure:5203: checking for malloc
configure:5203: gcc -o conftest -g -O2 -pipe -W -Wall -Wpointer-arith -Wstrict-prototypes -DSYSCONFDIR='"$(sysconfdir)"'   conftest.c -lnsl  >&5
conftest.c:78: warning: function declaration isn't a prototype
conftest.c:78: warning: conflicting types for built-in function 'malloc'
conftest.c:88: warning: function declaration isn't a prototype
configure:5203: $? = 0
configure:5203: result: yes
configure:5203: checking for memmove
configure:5203: gcc -o conftest -g -O2 -pipe -W -Wall -Wpointer-arith -Wstrict-prototypes -DSYSCONFDIR='"$(sysconfdir)"'   conftest.c -lnsl  >&5
conftest.c:79: warning: function declaration isn't a prototype
conftest.c:79: warning: conflicting types for built-in function 'memmove'
conftest.c:89: warning: function declaration isn't a prototype
configure:5203: $? = 0
configure:5203: result: yes
configure:5203: checking for memset
configure:5203: gcc -o conftest -g -O2 -pipe -W -Wall -Wpointer-arith -Wstrict-prototypes -DSYSCONFDIR='"$(sysconfdir)"'   conftest.c -lnsl  >&5
conftest.c:80: warning: function declaration isn't a prototype
conftest.c:80: warning: conflicting types for built-in function 'memset'
conftest.c:90: warning: function declaration isn't a prototype
configure:5203: $? = 0
configure:5203: result: yes
configure:5203: checking for realloc
configure:5203: gcc -o conftest -g -O2 -pipe -W -Wall -Wpointer-arith -Wstrict-prototypes -DSYSCONFDIR='"$(sysconfdir)"'   conftest.c -lnsl  >&5
conftest.c:81: warning: function declaration isn't a prototype
conftest.c:81: warning: conflicting types for built-in function 'realloc'
conftest.c:91: warning: function declaration isn't a prototype
configure:5203: $? = 0
configure:5203: result: yes
configure:5203: checking for setsid
configure:5203: gcc -o conftest -g -O2 -pipe -W -Wall -Wpointer-arith -Wstrict-prototypes -DSYSCONFDIR='"$(sysconfdir)"'   conftest.c -lnsl  >&5
conftest.c:82: warning: function declaration isn't a prototype
conftest.c:92: warning: function declaration isn't a prototype
configure:5203: $? = 0
configure:5203: result: yes
configure:5203: checking for setsockopt
configure:5203: gcc -o conftest -g -O2 -pipe -W -Wall -Wpointer-arith -Wstrict-prototypes -DSYSCONFDIR='"$(sysconfdir)"'   conftest.c -lnsl  >&5
conftest.c:83: warning: function declaration isn't a prototype
conftest.c:93: warning: function declaration isn't a prototype
configure:5203: $? = 0
configure:5203: result: yes
configure:5203: checking for socket
configure:5203: gcc -o conftest -g -O2 -pipe -W -Wall -Wpointer-arith -Wstrict-prototypes -DSYSCONFDIR='"$(sysconfdir)"'   conftest.c -lnsl  >&5
conftest.c:84: warning: function declaration isn't a prototype
conftest.c:94: warning: function declaration isn't a prototype
configure:5203: $? = 0
configure:5203: result: yes
configure:5203: checking for strcasecmp
configure:5203: gcc -o conftest -g -O2 -pipe -W -Wall -Wpointer-arith -Wstrict-prototypes -DSYSCONFDIR='"$(sysconfdir)"'   conftest.c -lnsl  >&5
conftest.c:85: warning: function declaration isn't a prototype
conftest.c:85: warning: conflicting types for built-in function 'strcasecmp'
conftest.c:95: warning: function declaration isn't a prototype
configure:5203: $? = 0
configure:5203: result: yes
configure:5203: checking for strchr
configure:5203: gcc -o conftest -g -O2 -pipe -W -Wall -Wpointer-arith -Wstrict-prototypes -DSYSCONFDIR='"$(sysconfdir)"'   conftest.c -lnsl  >&5
conftest.c:86: warning: function declaration isn't a prototype
conftest.c:86: warning: conflicting types for built-in function 'strchr'
conftest.c:96: warning: function declaration isn't a prototype
configure:5203: $? = 0
configure:5203: result: yes
configure:5203: checking for strerror
configure:5203: gcc -o conftest -g -O2 -pipe -W -Wall -Wpointer-arith -Wstrict-prototypes -DSYSCONFDIR='"$(sysconfdir)"'   conftest.c -lnsl  >&5
conftest.c:87: warning: function declaration isn't a prototype
conftest.c:97: warning: function declaration isn't a prototype
configure:5203: $? = 0
configure:5203: result: yes
configure:5203: checking for strstr
configure:5203: gcc -o conftest -g -O2 -pipe -W -Wall -Wpointer-arith -Wstrict-prototypes -DSYSCONFDIR='"$(sysconfdir)"'   conftest.c -lnsl  >&5
conftest.c:88: warning: function declaration isn't a prototype
conftest.c:88: warning: conflicting types for built-in function 'strstr'
conftest.c:98: warning: function declaration isn't a prototype
configure:5203: $? = 0
configure:5203: result: yes
configure:5203: checking for waitpid
configure:5203: gcc -o conftest -g -O2 -pipe -W -Wall -Wpointer-arith -Wstrict-prototypes -DSYSCONFDIR='"$(sysconfdir)"'   conftest.c -lnsl  >&5
conftest.c:89: warning: function declaration isn't a prototype
conftest.c:99: warning: function declaration isn't a prototype
configure:5203: $? = 0
configure:5203: result: yes
configure:5218: checking for inet_aton
configure:5218: gcc -o conftest -g -O2 -pipe -W -Wall -Wpointer-arith -Wstrict-prototypes -DSYSCONFDIR='"$(sysconfdir)"'   conftest.c -lnsl  >&5
conftest.c:90: warning: function declaration isn't a prototype
conftest.c:100: warning: function declaration isn't a prototype
configure:5218: $? = 0
configure:5218: result: yes
configure:5218: checking for isdigit
configure:5218: gcc -o conftest -g -O2 -pipe -W -Wall -Wpointer-arith -Wstrict-prototypes -DSYSCONFDIR='"$(sysconfdir)"'   conftest.c -lnsl  >&5
conftest.c:91: warning: function declaration isn't a prototype
conftest.c:91: warning: conflicting types for built-in function 'isdigit'
conftest.c:101: warning: function declaration isn't a prototype
configure:5218: $? = 0
configure:5218: result: yes
configure:5218: checking for sigaction
configure:5218: gcc -o conftest -g -O2 -pipe -W -Wall -Wpointer-arith -Wstrict-prototypes -DSYSCONFDIR='"$(sysconfdir)"'   conftest.c -lnsl  >&5
conftest.c:92: warning: function declaration isn't a prototype
conftest.c:102: warning: function declaration isn't a prototype
configure:5218: $? = 0
configure:5218: result: yes
configure:5218: checking for snprintf
configure:5218: gcc -o conftest -g -O2 -pipe -W -Wall -Wpointer-arith -Wstrict-prototypes -DSYSCONFDIR='"$(sysconfdir)"'   conftest.c -lnsl  >&5
conftest.c:93: warning: function declaration isn't a prototype
conftest.c:93: warning: conflicting types for built-in function 'snprintf'
conftest.c:103: warning: function declaration isn't a prototype
configure:5218: $? = 0
configure:5218: result: yes
configure:5218: checking for vsnprintf
configure:5218: gcc -o conftest -g -O2 -pipe -W -Wall -Wpointer-arith -Wstrict-prototypes -DSYSCONFDIR='"$(sysconfdir)"'   conftest.c -lnsl  >&5
conftest.c:94: warning: function declaration isn't a prototype
conftest.c:94: warning: conflicting types for built-in function 'vsnprintf'
conftest.c:104: warning: function declaration isn't a prototype
configure:5218: $? = 0
configure:5218: result: yes
configure:5218: checking for strlcpy
configure:5218: gcc -o conftest -g -O2 -pipe -W -Wall -Wpointer-arith -Wstrict-prototypes -DSYSCONFDIR='"$(sysconfdir)"'   conftest.c -lnsl  >&5
conftest.c:95: warning: function declaration isn't a prototype
conftest.c:105: warning: function declaration isn't a prototype
/tmp/cc6hhANL.o: In function `main':
/home/swang/rwtcs/ngircd-81_testCase/ngircd-81/conftest.c:106: undefined reference to `strlcpy'
collect2: ld returned 1 exit status
configure:5218: $? = 1
configure: failed program was:
| /* confdefs.h */
| #define PACKAGE_NAME "ngircd"
| #define PACKAGE_TARNAME "ngircd"
| #define PACKAGE_VERSION "0.8.1"
| #define PACKAGE_STRING "ngircd 0.8.1"
| #define PACKAGE_BUGREPORT ""
| #define PACKAGE_URL ""
| #define PACKAGE "ngircd"
| #define VERSION "0.8.1"
| #define PROTOTYPES 1
| #define __PROTOTYPES 1
| #define STDC_HEADERS 1
| #define HAVE_SYS_TYPES_H 1
| #define HAVE_SYS_STAT_H 1
| #define HAVE_STDLIB_H 1
| #define HAVE_STRING_H 1
| #define HAVE_MEMORY_H 1
| #define HAVE_STRINGS_H 1
| #define HAVE_INTTYPES_H 1
| #define HAVE_STDINT_H 1
| #define HAVE_UNISTD_H 1
| #define HAVE_STRING_H 1
| #define STDC_HEADERS 1
| #define TIME_WITH_SYS_TIME 1
| #define HAVE_SYS_WAIT_H 1
| #define HAVE_CTYPE_H 1
| #define HAVE_ERRNO_H 1
| #define HAVE_FCNTL_H 1
| #define HAVE_NETDB_H 1
| #define HAVE_NETINET_IN_H 1
| #define HAVE_STDLIB_H 1
| #define HAVE_STRING_H 1
| #define HAVE_STRINGS_H 1
| #define HAVE_SYS_SOCKET_H 1
| #define HAVE_SYS_TIME_H 1
| #define HAVE_UNISTD_H 1
| #define HAVE_ARPA_INET_H 1
| #define HAVE_CTYPE_H 1
| #define HAVE_MALLOC_H 1
| #define HAVE_STDINT_H 1
| #define HAVE_socklen_t 1
| #define RETSIGTYPE void
| #define HAVE_LIBNSL 1
| #define HAVE_FORK 1
| #define HAVE_VFORK 1
| #define HAVE_WORKING_VFORK 1
| #define HAVE_WORKING_FORK 1
| #define HAVE_STRFTIME 1
| #define HAVE_BIND 1
| #define HAVE_GETHOSTBYADDR 1
| #define HAVE_GETHOSTBYNAME 1
| #define HAVE_GETHOSTNAME 1
| #define HAVE_INET_NTOA 1
| #define HAVE_MALLOC 1
| #define HAVE_MEMMOVE 1
| #define HAVE_MEMSET 1
| #define HAVE_REALLOC 1
| #define HAVE_SETSID 1
| #define HAVE_SETSOCKOPT 1
| #define HAVE_SOCKET 1
| #define HAVE_STRCASECMP 1
| #define HAVE_STRCHR 1
| #define HAVE_STRERROR 1
| #define HAVE_STRSTR 1
| #define HAVE_WAITPID 1
| #define HAVE_INET_ATON 1
| #define HAVE_ISDIGIT 1
| #define HAVE_SIGACTION 1
| #define HAVE_SNPRINTF 1
| #define HAVE_VSNPRINTF 1
| /* end confdefs.h.  */
| /* Define strlcpy to an innocuous variant, in case <limits.h> declares strlcpy.
|    For example, HP-UX 11i <limits.h> declares gettimeofday.  */
| #define strlcpy innocuous_strlcpy
| 
| /* System header to define __stub macros and hopefully few prototypes,
|     which can conflict with char strlcpy (); below.
|     Prefer <limits.h> to <assert.h> if __STDC__ is defined, since
|     <limits.h> exists even on freestanding compilers.  */
| 
| #ifdef __STDC__
| # include <limits.h>
| #else
| # include <assert.h>
| #endif
| 
| #undef strlcpy
| 
| /* Override any GCC internal prototype to avoid an error.
|    Use char because int might match the return type of a GCC
|    builtin and then its argument prototype would still apply.  */
| #ifdef __cplusplus
| extern "C"
| #endif
| char strlcpy ();
| /* The GNU C library defines this for functions which it implements
|     to always fail with ENOSYS.  Some functions are actually named
|     something starting with __ and the normal name is an alias.  */
| #if defined __stub_strlcpy || defined __stub___strlcpy
| choke me
| #endif
| 
| int
| main ()
| {
| return strlcpy ();
|   ;
|   return 0;
| }
configure:5218: result: no
configure:5218: checking for strlcat
configure:5218: gcc -o conftest -g -O2 -pipe -W -Wall -Wpointer-arith -Wstrict-prototypes -DSYSCONFDIR='"$(sysconfdir)"'   conftest.c -lnsl  >&5
conftest.c:95: warning: function declaration isn't a prototype
conftest.c:105: warning: function declaration isn't a prototype
/tmp/ccanmdrY.o: In function `main':
/home/swang/rwtcs/ngircd-81_testCase/ngircd-81/conftest.c:106: undefined reference to `strlcat'
collect2: ld returned 1 exit status
configure:5218: $? = 1
configure: failed program was:
| /* confdefs.h */
| #define PACKAGE_NAME "ngircd"
| #define PACKAGE_TARNAME "ngircd"
| #define PACKAGE_VERSION "0.8.1"
| #define PACKAGE_STRING "ngircd 0.8.1"
| #define PACKAGE_BUGREPORT ""
| #define PACKAGE_URL ""
| #define PACKAGE "ngircd"
| #define VERSION "0.8.1"
| #define PROTOTYPES 1
| #define __PROTOTYPES 1
| #define STDC_HEADERS 1
| #define HAVE_SYS_TYPES_H 1
| #define HAVE_SYS_STAT_H 1
| #define HAVE_STDLIB_H 1
| #define HAVE_STRING_H 1
| #define HAVE_MEMORY_H 1
| #define HAVE_STRINGS_H 1
| #define HAVE_INTTYPES_H 1
| #define HAVE_STDINT_H 1
| #define HAVE_UNISTD_H 1
| #define HAVE_STRING_H 1
| #define STDC_HEADERS 1
| #define TIME_WITH_SYS_TIME 1
| #define HAVE_SYS_WAIT_H 1
| #define HAVE_CTYPE_H 1
| #define HAVE_ERRNO_H 1
| #define HAVE_FCNTL_H 1
| #define HAVE_NETDB_H 1
| #define HAVE_NETINET_IN_H 1
| #define HAVE_STDLIB_H 1
| #define HAVE_STRING_H 1
| #define HAVE_STRINGS_H 1
| #define HAVE_SYS_SOCKET_H 1
| #define HAVE_SYS_TIME_H 1
| #define HAVE_UNISTD_H 1
| #define HAVE_ARPA_INET_H 1
| #define HAVE_CTYPE_H 1
| #define HAVE_MALLOC_H 1
| #define HAVE_STDINT_H 1
| #define HAVE_socklen_t 1
| #define RETSIGTYPE void
| #define HAVE_LIBNSL 1
| #define HAVE_FORK 1
| #define HAVE_VFORK 1
| #define HAVE_WORKING_VFORK 1
| #define HAVE_WORKING_FORK 1
| #define HAVE_STRFTIME 1
| #define HAVE_BIND 1
| #define HAVE_GETHOSTBYADDR 1
| #define HAVE_GETHOSTBYNAME 1
| #define HAVE_GETHOSTNAME 1
| #define HAVE_INET_NTOA 1
| #define HAVE_MALLOC 1
| #define HAVE_MEMMOVE 1
| #define HAVE_MEMSET 1
| #define HAVE_REALLOC 1
| #define HAVE_SETSID 1
| #define HAVE_SETSOCKOPT 1
| #define HAVE_SOCKET 1
| #define HAVE_STRCASECMP 1
| #define HAVE_STRCHR 1
| #define HAVE_STRERROR 1
| #define HAVE_STRSTR 1
| #define HAVE_WAITPID 1
| #define HAVE_INET_ATON 1
| #define HAVE_ISDIGIT 1
| #define HAVE_SIGACTION 1
| #define HAVE_SNPRINTF 1
| #define HAVE_VSNPRINTF 1
| /* end confdefs.h.  */
| /* Define strlcat to an innocuous variant, in case <limits.h> declares strlcat.
|    For example, HP-UX 11i <limits.h> declares gettimeofday.  */
| #define strlcat innocuous_strlcat
| 
| /* System header to define __stub macros and hopefully few prototypes,
|     which can conflict with char strlcat (); below.
|     Prefer <limits.h> to <assert.h> if __STDC__ is defined, since
|     <limits.h> exists even on freestanding compilers.  */
| 
| #ifdef __STDC__
| # include <limits.h>
| #else
| # include <assert.h>
| #endif
| 
| #undef strlcat
| 
| /* Override any GCC internal prototype to avoid an error.
|    Use char because int might match the return type of a GCC
|    builtin and then its argument prototype would still apply.  */
| #ifdef __cplusplus
| extern "C"
| #endif
| char strlcat ();
| /* The GNU C library defines this for functions which it implements
|     to always fail with ENOSYS.  Some functions are actually named
|     something starting with __ and the normal name is an alias.  */
| #if defined __stub_strlcat || defined __stub___strlcat
| choke me
| #endif
| 
| int
| main ()
| {
| return strlcat ();
|   ;
|   return 0;
| }
configure:5218: result: no
configure:5230: checking for select
configure:5230: gcc -o conftest -g -O2 -pipe -W -Wall -Wpointer-arith -Wstrict-prototypes -DSYSCONFDIR='"$(sysconfdir)"'   conftest.c -lnsl  >&5
conftest.c:95: warning: function declaration isn't a prototype
conftest.c:105: warning: function declaration isn't a prototype
configure:5230: $? = 0
configure:5230: result: yes
configure:5237: checking sys/select.h usability
configure:5237: gcc -c -g -O2 -pipe -W -Wall -Wpointer-arith -Wstrict-prototypes -DSYSCONFDIR='"$(sysconfdir)"'  conftest.c >&5
configure:5237: $? = 0
configure:5237: result: yes
configure:5237: checking sys/select.h presence
configure:5237: gcc -E  conftest.c
configure:5237: $? = 0
configure:5237: result: yes
configure:5237: checking for sys/select.h
configure:5237: result: yes
configure:5324: checking for syslog in -lbe
configure:5349: gcc -o conftest -g -O2 -pipe -W -Wall -Wpointer-arith -Wstrict-prototypes -DSYSCONFDIR='"$(sysconfdir)"'   conftest.c -lbe  -lnsl  >&5
conftest.c:81: warning: function declaration isn't a prototype
conftest.c:84: warning: function declaration isn't a prototype
/usr/bin/ld: cannot find -lbe
collect2: ld returned 1 exit status
configure:5349: $? = 1
configure: failed program was:
| /* confdefs.h */
| #define PACKAGE_NAME "ngircd"
| #define PACKAGE_TARNAME "ngircd"
| #define PACKAGE_VERSION "0.8.1"
| #define PACKAGE_STRING "ngircd 0.8.1"
| #define PACKAGE_BUGREPORT ""
| #define PACKAGE_URL ""
| #define PACKAGE "ngircd"
| #define VERSION "0.8.1"
| #define PROTOTYPES 1
| #define __PROTOTYPES 1
| #define STDC_HEADERS 1
| #define HAVE_SYS_TYPES_H 1
| #define HAVE_SYS_STAT_H 1
| #define HAVE_STDLIB_H 1
| #define HAVE_STRING_H 1
| #define HAVE_MEMORY_H 1
| #define HAVE_STRINGS_H 1
| #define HAVE_INTTYPES_H 1
| #define HAVE_STDINT_H 1
| #define HAVE_UNISTD_H 1
| #define HAVE_STRING_H 1
| #define STDC_HEADERS 1
| #define TIME_WITH_SYS_TIME 1
| #define HAVE_SYS_WAIT_H 1
| #define HAVE_CTYPE_H 1
| #define HAVE_ERRNO_H 1
| #define HAVE_FCNTL_H 1
| #define HAVE_NETDB_H 1
| #define HAVE_NETINET_IN_H 1
| #define HAVE_STDLIB_H 1
| #define HAVE_STRING_H 1
| #define HAVE_STRINGS_H 1
| #define HAVE_SYS_SOCKET_H 1
| #define HAVE_SYS_TIME_H 1
| #define HAVE_UNISTD_H 1
| #define HAVE_ARPA_INET_H 1
| #define HAVE_CTYPE_H 1
| #define HAVE_MALLOC_H 1
| #define HAVE_STDINT_H 1
| #define HAVE_socklen_t 1
| #define RETSIGTYPE void
| #define HAVE_LIBNSL 1
| #define HAVE_FORK 1
| #define HAVE_VFORK 1
| #define HAVE_WORKING_VFORK 1
| #define HAVE_WORKING_FORK 1
| #define HAVE_STRFTIME 1
| #define HAVE_BIND 1
| #define HAVE_GETHOSTBYADDR 1
| #define HAVE_GETHOSTBYNAME 1
| #define HAVE_GETHOSTNAME 1
| #define HAVE_INET_NTOA 1
| #define HAVE_MALLOC 1
| #define HAVE_MEMMOVE 1
| #define HAVE_MEMSET 1
| #define HAVE_REALLOC 1
| #define HAVE_SETSID 1
| #define HAVE_SETSOCKOPT 1
| #define HAVE_SOCKET 1
| #define HAVE_STRCASECMP 1
| #define HAVE_STRCHR 1
| #define HAVE_STRERROR 1
| #define HAVE_STRSTR 1
| #define HAVE_WAITPID 1
| #define HAVE_INET_ATON 1
| #define HAVE_ISDIGIT 1
| #define HAVE_SIGACTION 1
| #define HAVE_SNPRINTF 1
| #define HAVE_VSNPRINTF 1
| #define HAVE_SELECT 1
| #define HAVE_SYS_SELECT_H 1
| /* end confdefs.h.  */
| 
| /* Override any GCC internal prototype to avoid an error.
|    Use char because int might match the return type of a GCC
|    builtin and then its argument prototype would still apply.  */
| #ifdef __cplusplus
| extern "C"
| #endif
| char syslog ();
| int
| main ()
| {
| return syslog ();
|   ;
|   return 0;
| }
configure:5358: result: no
configure:5371: checking for syslog
configure:5371: gcc -o conftest -g -O2 -pipe -W -Wall -Wpointer-arith -Wstrict-prototypes -DSYSCONFDIR='"$(sysconfdir)"'   conftest.c -lnsl  >&5
conftest.c:97: warning: function declaration isn't a prototype
conftest.c:107: warning: function declaration isn't a prototype
configure:5371: $? = 0
configure:5371: result: yes
configure:5389: checking syslog.h usability
configure:5389: gcc -c -g -O2 -pipe -W -Wall -Wpointer-arith -Wstrict-prototypes -DSYSCONFDIR='"$(sysconfdir)"'  conftest.c >&5
configure:5389: $? = 0
configure:5389: result: yes
configure:5389: checking syslog.h presence
configure:5389: gcc -E  conftest.c
configure:5389: $? = 0
configure:5389: result: yes
configure:5389: checking for syslog.h
configure:5389: result: yes
configure:5468: checking for deflate in -lz
configure:5493: gcc -o conftest -g -O2 -pipe -W -Wall -Wpointer-arith -Wstrict-prototypes -DSYSCONFDIR='"$(sysconfdir)"'   conftest.c -lz  -lnsl  >&5
conftest.c:84: warning: function declaration isn't a prototype
conftest.c:87: warning: function declaration isn't a prototype
configure:5493: $? = 0
configure:5502: result: yes
configure:5515: checking for deflate
configure:5515: gcc -o conftest -g -O2 -pipe -W -Wall -Wpointer-arith -Wstrict-prototypes -DSYSCONFDIR='"$(sysconfdir)"'   conftest.c -lz -lnsl  >&5
conftest.c:101: warning: function declaration isn't a prototype
conftest.c:111: warning: function declaration isn't a prototype
configure:5515: $? = 0
configure:5515: result: yes
configure:5533: checking zlib.h usability
configure:5533: gcc -c -g -O2 -pipe -W -Wall -Wpointer-arith -Wstrict-prototypes -DSYSCONFDIR='"$(sysconfdir)"'  conftest.c >&5
configure:5533: $? = 0
configure:5533: result: yes
configure:5533: checking zlib.h presence
configure:5533: gcc -E  conftest.c
configure:5533: $? = 0
configure:5533: result: yes
configure:5533: checking for zlib.h
configure:5533: result: yes
configure:5945: creating ./config.status

## ---------------------- ##
## Running config.status. ##
## ---------------------- ##

This file was extended by ngircd config.status 0.8.1, which was
generated by GNU Autoconf 2.67.  Invocation command line was

  CONFIG_FILES    = 
  CONFIG_HEADERS  = 
  CONFIG_LINKS    = 
  CONFIG_COMMANDS = 
  $ ./config.status 

on stonesoup-4

config.status:945: creating Makefile
config.status:945: creating doc/Makefile
config.status:945: creating src/Makefile
config.status:945: creating src/portab/Makefile
config.status:945: creating src/tool/Makefile
config.status:945: creating src/ngircd/Makefile
config.status:945: creating src/testsuite/Makefile
config.status:945: creating man/Makefile
config.status:945: creating contrib/Makefile
config.status:945: creating contrib/Debian/Makefile
config.status:945: creating contrib/MacOSX/Makefile
config.status:945: creating src/config.h
config.status:1119: src/config.h is unchanged
config.status:1166: executing depfiles commands

## ---------------- ##
## Cache variables. ##
## ---------------- ##

ac_cv_build=i686-pc-linux-gnu
ac_cv_c_compiler_gnu=yes
ac_cv_c_const=yes
ac_cv_env_CC_set=
ac_cv_env_CC_value=
ac_cv_env_CFLAGS_set=
ac_cv_env_CFLAGS_value=
ac_cv_env_CPPFLAGS_set=
ac_cv_env_CPPFLAGS_value=
ac_cv_env_CPP_set=
ac_cv_env_CPP_value=
ac_cv_env_LDFLAGS_set=
ac_cv_env_LDFLAGS_value=
ac_cv_env_LIBS_set=
ac_cv_env_LIBS_value=
ac_cv_env_build_alias_set=
ac_cv_env_build_alias_value=
ac_cv_env_host_alias_set=
ac_cv_env_host_alias_value=
ac_cv_env_target_alias_set=
ac_cv_env_target_alias_value=
ac_cv_func_bind=yes
ac_cv_func_deflate=yes
ac_cv_func_fork=yes
ac_cv_func_fork_works=yes
ac_cv_func_gethostbyaddr=yes
ac_cv_func_gethostbyname=yes
ac_cv_func_gethostname=yes
ac_cv_func_inet_aton=yes
ac_cv_func_inet_ntoa=yes
ac_cv_func_isdigit=yes
ac_cv_func_malloc=yes
ac_cv_func_memmove=yes
ac_cv_func_memset=yes
ac_cv_func_realloc=yes
ac_cv_func_select=yes
ac_cv_func_setsid=yes
ac_cv_func_setsockopt=yes
ac_cv_func_sigaction=yes
ac_cv_func_snprintf=yes
ac_cv_func_socket=yes
ac_cv_func_strcasecmp=yes
ac_cv_func_strchr=yes
ac_cv_func_strerror=yes
ac_cv_func_strftime=yes
ac_cv_func_strlcat=no
ac_cv_func_strlcpy=no
ac_cv_func_strstr=yes
ac_cv_func_syslog=yes
ac_cv_func_vfork=yes
ac_cv_func_vfork_works=yes
ac_cv_func_vsnprintf=yes
ac_cv_func_waitpid=yes
ac_cv_header_arpa_inet_h=yes
ac_cv_header_ctype_h=yes
ac_cv_header_errno_h=yes
ac_cv_header_fcntl_h=yes
ac_cv_header_inttypes_h=yes
ac_cv_header_malloc_h=yes
ac_cv_header_memory_h=yes
ac_cv_header_netdb_h=yes
ac_cv_header_netinet_in_h=yes
ac_cv_header_stdc=yes
ac_cv_header_stdint_h=yes
ac_cv_header_stdlib_h=yes
ac_cv_header_string_h=yes
ac_cv_header_strings_h=yes
ac_cv_header_sys_select_h=yes
ac_cv_header_sys_socket_h=yes
ac_cv_header_sys_stat_h=yes
ac_cv_header_sys_time_h=yes
ac_cv_header_sys_types_h=yes
ac_cv_header_sys_wait_h=yes
ac_cv_header_syslog_h=yes
ac_cv_header_time=yes
ac_cv_header_unistd_h=yes
ac_cv_header_varargs_h=no
ac_cv_header_vfork_h=no
ac_cv_header_zlib_h=yes
ac_cv_host=i686-pc-linux-gnu
ac_cv_lib_UTIL_memmove=no
ac_cv_lib_be_syslog=no
ac_cv_lib_nsl_gethostent=yes
ac_cv_lib_socket_bind=no
ac_cv_lib_z_deflate=yes
ac_cv_objext=o
ac_cv_path_EGREP='/bin/grep -E'
ac_cv_path_GREP=/bin/grep
ac_cv_path_install='/usr/bin/install -c'
ac_cv_prog_AWK=mawk
ac_cv_prog_CPP='gcc -E'
ac_cv_prog_ac_ct_CC=gcc
ac_cv_prog_ac_ct_RANLIB=ranlib
ac_cv_prog_cc_c89=
ac_cv_prog_cc_g=yes
ac_cv_prog_make_make_set=yes
ac_cv_target=i686-pc-linux-gnu
ac_cv_type_pid_t=yes
ac_cv_type_signal=void
ac_cv_type_size_t=yes
am_cv_CC_dependencies_compiler_type=gcc3

## ----------------- ##
## Output variables. ##
## ----------------- ##

ACLOCAL='${SHELL} /home/swang/rwtcs/ngircd-81_testCase/ngircd-81/missing --run aclocal-1.9'
AMDEPBACKSLASH='\'
AMDEP_FALSE='#'
AMDEP_TRUE=''
AMTAR='${SHELL} /home/swang/rwtcs/ngircd-81_testCase/ngircd-81/missing --run tar'
ANSI2KNR=''
AUTOCONF='${SHELL} /home/swang/rwtcs/ngircd-81_testCase/ngircd-81/missing --run autoconf'
AUTOHEADER='${SHELL} /home/swang/rwtcs/ngircd-81_testCase/ngircd-81/missing --run autoheader'
AUTOMAKE='${SHELL} /home/swang/rwtcs/ngircd-81_testCase/ngircd-81/missing --run automake-1.9'
AWK='mawk'
CC='gcc'
CCDEPMODE='depmode=gcc3'
CFLAGS='-g -O2 -pipe -W -Wall -Wpointer-arith -Wstrict-prototypes -DSYSCONFDIR='\''"$(sysconfdir)"'\'''
CPP='gcc -E'
CPPFLAGS=''
CYGPATH_W='echo'
DEFS='-DHAVE_CONFIG_H'
DEPDIR='.deps'
ECHO_C=''
ECHO_N='-n'
ECHO_T=''
EGREP='/bin/grep -E'
EXEEXT=''
GREP='/bin/grep'
INSTALL_DATA='${INSTALL} -m 644'
INSTALL_PROGRAM='${INSTALL}'
INSTALL_SCRIPT='${INSTALL}'
INSTALL_STRIP_PROGRAM='${SHELL} $(install_sh) -c -s'
LDFLAGS=''
LIBOBJS=''
LIBS='-lz -lnsl '
LN_S='ln -s'
LTLIBOBJS=''
MAKEINFO='${SHELL} /home/swang/rwtcs/ngircd-81_testCase/ngircd-81/missing --run makeinfo'
OBJEXT='o'
PACKAGE='ngircd'
PACKAGE_BUGREPORT=''
PACKAGE_NAME='ngircd'
PACKAGE_STRING='ngircd 0.8.1'
PACKAGE_TARNAME='ngircd'
PACKAGE_URL=''
PACKAGE_VERSION='0.8.1'
PATH_SEPARATOR=':'
RANLIB='ranlib'
SET_MAKE=''
SHELL='/bin/bash'
SS_CC='gcc'
SS_CFLAGS=''
SS_LDFLAGS=''
SS_LNK='gcc'
STRIP=''
U=''
VERSION='0.8.1'
ac_ct_CC='gcc'
am__fastdepCC_FALSE='#'
am__fastdepCC_TRUE=''
am__include='include'
am__leading_dot='.'
am__quote=''
am__tar='${AMTAR} chof - "$$tardir"'
am__untar='${AMTAR} xf -'
bindir='${exec_prefix}/bin'
build='i686-pc-linux-gnu'
build_alias=''
build_cpu='i686'
build_os='linux-gnu'
build_vendor='pc'
datadir='${datarootdir}'
datarootdir='${prefix}/share'
docdir='${datarootdir}/doc/${PACKAGE_TARNAME}'
dvidir='${docdir}'
exec_prefix='${prefix}'
host='i686-pc-linux-gnu'
host_alias=''
host_cpu='i686'
host_os='linux-gnu'
host_vendor='pc'
htmldir='${docdir}'
includedir='${prefix}/include'
infodir='${datarootdir}/info'
install_sh='/home/swang/rwtcs/ngircd-81_testCase/ngircd-81/install-sh'
libdir='${exec_prefix}/lib'
libexecdir='${exec_prefix}/libexec'
localedir='${datarootdir}/locale'
localstatedir='${prefix}/var'
mandir='${datarootdir}/man'
mkdir_p='mkdir -p --'
oldincludedir='/usr/include'
pdfdir='${docdir}'
prefix='/usr/local'
program_transform_name='s,x,x,'
psdir='${docdir}'
sbindir='${exec_prefix}/sbin'
sharedstatedir='${prefix}/com'
sysconfdir='${prefix}/etc'
target='i686-pc-linux-gnu'
target_alias=''
target_cpu='i686'
target_os='linux-gnu'
target_vendor='pc'

## ----------- ##
## confdefs.h. ##
## ----------- ##

/* confdefs.h */
#define PACKAGE_NAME "ngircd"
#define PACKAGE_TARNAME "ngircd"
#define PACKAGE_VERSION "0.8.1"
#define PACKAGE_STRING "ngircd 0.8.1"
#define PACKAGE_BUGREPORT ""
#define PACKAGE_URL ""
#define PACKAGE "ngircd"
#define VERSION "0.8.1"
#define PROTOTYPES 1
#define __PROTOTYPES 1
#define STDC_HEADERS 1
#define HAVE_SYS_TYPES_H 1
#define HAVE_SYS_STAT_H 1
#define HAVE_STDLIB_H 1
#define HAVE_STRING_H 1
#define HAVE_MEMORY_H 1
#define HAVE_STRINGS_H 1
#define HAVE_INTTYPES_H 1
#define HAVE_STDINT_H 1
#define HAVE_UNISTD_H 1
#define HAVE_STRING_H 1
#define STDC_HEADERS 1
#define TIME_WITH_SYS_TIME 1
#define HAVE_SYS_WAIT_H 1
#define HAVE_CTYPE_H 1
#define HAVE_ERRNO_H 1
#define HAVE_FCNTL_H 1
#define HAVE_NETDB_H 1
#define HAVE_NETINET_IN_H 1
#define HAVE_STDLIB_H 1
#define HAVE_STRING_H 1
#define HAVE_STRINGS_H 1
#define HAVE_SYS_SOCKET_H 1
#define HAVE_SYS_TIME_H 1
#define HAVE_UNISTD_H 1
#define HAVE_ARPA_INET_H 1
#define HAVE_CTYPE_H 1
#define HAVE_MALLOC_H 1
#define HAVE_STDINT_H 1
#define HAVE_socklen_t 1
#define RETSIGTYPE void
#define HAVE_LIBNSL 1
#define HAVE_FORK 1
#define HAVE_VFORK 1
#define HAVE_WORKING_VFORK 1
#define HAVE_WORKING_FORK 1
#define HAVE_STRFTIME 1
#define HAVE_BIND 1
#define HAVE_GETHOSTBYADDR 1
#define HAVE_GETHOSTBYNAME 1
#define HAVE_GETHOSTNAME 1
#define HAVE_INET_NTOA 1
#define HAVE_MALLOC 1
#define HAVE_MEMMOVE 1
#define HAVE_MEMSET 1
#define HAVE_REALLOC 1
#define HAVE_SETSID 1
#define HAVE_SETSOCKOPT 1
#define HAVE_SOCKET 1
#define HAVE_STRCASECMP 1
#define HAVE_STRCHR 1
#define HAVE_STRERROR 1
#define HAVE_STRSTR 1
#define HAVE_WAITPID 1
#define HAVE_INET_ATON 1
#define HAVE_ISDIGIT 1
#define HAVE_SIGACTION 1
#define HAVE_SNPRINTF 1
#define HAVE_VSNPRINTF 1
#define HAVE_SELECT 1
#define HAVE_SYS_SELECT_H 1
#define HAVE_SYSLOG 1
#define SYSLOG 1
#define HAVE_SYSLOG_H 1
#define HAVE_LIBZ 1
#define HAVE_DEFLATE 1
#define ZLIB 1
#define HAVE_ZLIB_H 1
#define IRCPLUS 1
#define TARGET_CPU "i686"
#define TARGET_VENDOR "pc"
#define TARGET_OS "linux-gnu"

configure: exit 0
